<?xml version="1.0" encoding="UTF-8"?>
<testng-results ignored="4" total="9" passed="5" failed="0" skipped="0">
  <reporter-output>
  </reporter-output>
  <suite started-at="2024-02-06T18:24:36 IST" name="Suite" finished-at="2024-02-06T18:24:36 IST" duration-ms="77">
    <groups>
      <group name="smoke">
        <method signature="Basic2.WM()[pri:0, instance:NG.Basic2@6be968ce]" name="WM" class="NG.Basic2"/>
      </group> <!-- smoke -->
    </groups>
    <test started-at="2024-02-06T18:24:36 IST" name="Test" finished-at="2024-02-06T18:24:36 IST" duration-ms="77">
      <class name="NG.Basic2">
        <test-method signature="OD()[pri:0, instance:NG.Basic2@6be968ce]" started-at="2024-02-06T18:24:36 IST" name="OD" finished-at="2024-02-06T18:24:36 IST" duration-ms="1" status="PASS">
          <reporter-output>
          </reporter-output>
        </test-method> <!-- OD -->
        <test-method signature="WM()[pri:0, instance:NG.Basic2@6be968ce]" started-at="2024-02-06T18:24:36 IST" name="WM" finished-at="2024-02-06T18:24:36 IST" duration-ms="2" status="PASS">
          <reporter-output>
          </reporter-output>
        </test-method> <!-- WM -->
      </class> <!-- NG.Basic2 -->
      <class name="NG.Basic">
        <test-method is-config="true" signature="BeforeS()[pri:0, instance:NG.Basic@3e08ff24]" started-at="2024-02-06T18:24:36 IST" name="BeforeS" finished-at="2024-02-06T18:24:36 IST" duration-ms="11" status="PASS">
          <reporter-output>
          </reporter-output>
        </test-method> <!-- BeforeS -->
        <test-method is-config="true" signature="Pre()[pri:0, instance:NG.Basic@3e08ff24]" started-at="2024-02-06T18:24:36 IST" name="Pre" finished-at="2024-02-06T18:24:36 IST" duration-ms="1" status="PASS">
          <reporter-output>
          </reporter-output>
        </test-method> <!-- Pre -->
        <test-method is-config="true" signature="BefEveryTestMethod()[pri:0, instance:NG.Basic@3e08ff24]" started-at="2024-02-06T18:24:36 IST" name="BefEveryTestMethod" finished-at="2024-02-06T18:24:36 IST" duration-ms="0" status="PASS">
          <reporter-output>
          </reporter-output>
        </test-method> <!-- BefEveryTestMethod -->
        <test-method signature="CASALogin(java.lang.String,java.lang.String)[pri:0, instance:NG.Basic@3e08ff24]" started-at="2024-02-06T18:24:36 IST" name="CASALogin" data-provider="getData" finished-at="2024-02-06T18:24:36 IST" duration-ms="7" status="PASS">
          <params>
            <param index="0">
              <value>
                <![CDATA[username]]>
              </value>
            </param>
            <param index="1">
              <value>
                <![CDATA[password]]>
              </value>
            </param>
          </params>
          <reporter-output>
          </reporter-output>
        </test-method> <!-- CASALogin -->
        <test-method is-config="true" signature="AfterTestcase()[pri:0, instance:NG.Basic@3e08ff24]" started-at="2024-02-06T18:24:36 IST" name="AfterTestcase" finished-at="2024-02-06T18:24:36 IST" duration-ms="0" status="PASS">
          <reporter-output>
          </reporter-output>
        </test-method> <!-- AfterTestcase -->
        <test-method is-config="true" signature="BefEveryTestMethod()[pri:0, instance:NG.Basic@3e08ff24]" started-at="2024-02-06T18:24:36 IST" name="BefEveryTestMethod" finished-at="2024-02-06T18:24:36 IST" duration-ms="0" status="PASS">
          <reporter-output>
          </reporter-output>
        </test-method> <!-- BefEveryTestMethod -->
        <test-method signature="CASALogin(java.lang.String,java.lang.String)[pri:0, instance:NG.Basic@3e08ff24]" started-at="2024-02-06T18:24:36 IST" name="CASALogin" data-provider="getData" finished-at="2024-02-06T18:24:36 IST" duration-ms="1" status="PASS">
          <params>
            <param index="0">
              <value>
                <![CDATA[username1]]>
              </value>
            </param>
            <param index="1">
              <value>
                <![CDATA[password1]]>
              </value>
            </param>
          </params>
          <reporter-output>
          </reporter-output>
        </test-method> <!-- CASALogin -->
        <test-method is-config="true" signature="AfterTestcase()[pri:0, instance:NG.Basic@3e08ff24]" started-at="2024-02-06T18:24:36 IST" name="AfterTestcase" finished-at="2024-02-06T18:24:36 IST" duration-ms="2" status="PASS">
          <reporter-output>
          </reporter-output>
        </test-method> <!-- AfterTestcase -->
        <test-method signature="CASALogin(java.lang.String,java.lang.String)[pri:0, instance:NG.Basic@3e08ff24]" started-at="2024-02-06T18:24:36 IST" name="CASALogin" data-provider="getData" finished-at="2024-02-06T18:24:36 IST" duration-ms="2" status="PASS">
          <params>
            <param index="0">
              <value>
                <![CDATA[username2]]>
              </value>
            </param>
            <param index="1">
              <value>
                <![CDATA[password3]]>
              </value>
            </param>
          </params>
          <reporter-output>
          </reporter-output>
        </test-method> <!-- CASALogin -->
        <test-method is-config="true" signature="BefEveryTestMethod()[pri:0, instance:NG.Basic@3e08ff24]" started-at="2024-02-06T18:24:36 IST" name="BefEveryTestMethod" finished-at="2024-02-06T18:24:36 IST" duration-ms="0" status="PASS">
          <reporter-output>
          </reporter-output>
        </test-method> <!-- BefEveryTestMethod -->
        <test-method is-config="true" signature="AfterTestcase()[pri:0, instance:NG.Basic@3e08ff24]" started-at="2024-02-06T18:24:36 IST" name="AfterTestcase" finished-at="2024-02-06T18:24:36 IST" duration-ms="0" status="PASS">
          <reporter-output>
          </reporter-output>
        </test-method> <!-- AfterTestcase -->
        <test-method is-config="true" signature="RDLogin()[pri:0, instance:NG.Basic@3e08ff24]" started-at="2024-02-06T18:24:36 IST" name="RDLogin" finished-at="2024-02-06T18:24:36 IST" duration-ms="0" status="PASS">
          <reporter-output>
          </reporter-output>
        </test-method> <!-- RDLogin -->
        <test-method is-config="true" signature="AfterS()[pri:0, instance:NG.Basic@3e08ff24]" started-at="2024-02-06T18:24:37 IST" name="AfterS" finished-at="2024-02-06T18:24:37 IST" duration-ms="1" status="PASS">
          <reporter-output>
          </reporter-output>
        </test-method> <!-- AfterS -->
      </class> <!-- NG.Basic -->
    </test> <!-- Test -->
  </suite> <!-- Suite -->
</testng-results>
