<?xml version="1.0" encoding="UTF-8"?>
<testng-results ignored="0" total="1" passed="1" failed="0" skipped="0">
  <reporter-output>
  </reporter-output>
  <suite started-at="2024-02-07T02:15:58 IST" name="Default suite" finished-at="2024-02-07T02:15:58 IST" duration-ms="48">
    <groups>
    </groups>
    <test started-at="2024-02-07T02:15:58 IST" name="Default test" finished-at="2024-02-07T02:15:58 IST" duration-ms="48">
      <class name="p2.InheritanceDemoChild">
        <test-method signature="testRun()[pri:0, instance:p2.InheritanceDemoChild@6d3a388c]" started-at="2024-02-07T02:15:58 IST" name="testRun" finished-at="2024-02-07T02:15:58 IST" duration-ms="12" status="PASS">
          <reporter-output>
          </reporter-output>
        </test-method> <!-- testRun -->
      </class> <!-- p2.InheritanceDemoChild -->
    </test> <!-- Default test -->
  </suite> <!-- Default suite -->
</testng-results>
