<?xml version="1.0" encoding="UTF-8"?>
<testng-results ignored="0" total="5" passed="5" failed="0" skipped="0">
  <reporter-output>
  </reporter-output>
  <suite started-at="2024-02-29T10:58:42 IST" name="Suite" finished-at="2024-02-29T10:59:24 IST" duration-ms="41546">
    <groups>
      <group name="purchase">
        <method signature="UserSubmitOrder.submitOrder(java.util.HashMap)[pri:0, instance:MavenPracticeProject.UserSubmitOrder@6af9fcb2]" name="submitOrder" class="MavenPracticeProject.UserSubmitOrder"/>
        <method signature="UserSubmitOrder.VerifyOrder(java.util.HashMap)[pri:0, instance:MavenPracticeProject.UserSubmitOrder@6af9fcb2]" name="VerifyOrder" class="MavenPracticeProject.UserSubmitOrder"/>
      </group> <!-- purchase -->
      <group name="errorVal">
        <method signature="ErrorValidation.errorv()[pri:0, instance:MavenPracticeProject.ErrorValidation@2766ca9d]" name="errorv" class="MavenPracticeProject.ErrorValidation"/>
      </group> <!-- errorVal -->
    </groups>
    <test started-at="2024-02-29T10:58:42 IST" name="NegativeValidation" finished-at="2024-02-29T10:58:47 IST" duration-ms="4818">
      <class name="MavenPracticeProject.ErrorValidation">
        <test-method is-config="true" signature="launchApp()[pri:0, instance:MavenPracticeProject.ErrorValidation@2766ca9d]" started-at="2024-02-29T10:58:42 IST" name="launchApp" finished-at="2024-02-29T10:58:46 IST" duration-ms="4178" status="PASS">
          <reporter-output>
          </reporter-output>
        </test-method> <!-- launchApp -->
        <test-method signature="errorv()[pri:0, instance:MavenPracticeProject.ErrorValidation@2766ca9d]" started-at="2024-02-29T10:58:46 IST" name="errorv" finished-at="2024-02-29T10:58:47 IST" duration-ms="497" status="PASS">
          <reporter-output>
          </reporter-output>
        </test-method> <!-- errorv -->
        <test-method is-config="true" signature="closeBr()[pri:0, instance:MavenPracticeProject.ErrorValidation@2766ca9d]" started-at="2024-02-29T10:58:47 IST" name="closeBr" finished-at="2024-02-29T10:58:47 IST" duration-ms="88" status="PASS">
          <reporter-output>
          </reporter-output>
        </test-method> <!-- closeBr -->
      </class> <!-- MavenPracticeProject.ErrorValidation -->
    </test> <!-- NegativeValidation -->
    <test started-at="2024-02-29T10:58:42 IST" name="Login and Submit" finished-at="2024-02-29T10:59:24 IST" duration-ms="41546">
      <class name="MavenPracticeProject.UserSubmitOrder">
        <test-method is-config="true" signature="launchApp()[pri:0, instance:MavenPracticeProject.UserSubmitOrder@6af9fcb2]" started-at="2024-02-29T10:58:43 IST" name="launchApp" finished-at="2024-02-29T10:58:46 IST" duration-ms="3466" status="PASS">
          <reporter-output>
          </reporter-output>
        </test-method> <!-- launchApp -->
        <test-method signature="submitOrder(java.util.HashMap)[pri:0, instance:MavenPracticeProject.UserSubmitOrder@6af9fcb2]" started-at="2024-02-29T10:58:46 IST" name="submitOrder" data-provider="getData" finished-at="2024-02-29T10:59:01 IST" duration-ms="14842" status="PASS">
          <params>
            <param index="0">
              <value>
                <![CDATA[{password=Qwerty@123, product=ADIDAS, email=Pankajkumartiwari8308@gmail.com}]]>
              </value>
            </param>
          </params>
          <reporter-output>
          </reporter-output>
        </test-method> <!-- submitOrder -->
        <test-method is-config="true" signature="closeBr()[pri:0, instance:MavenPracticeProject.UserSubmitOrder@6af9fcb2]" started-at="2024-02-29T10:59:01 IST" name="closeBr" finished-at="2024-02-29T10:59:01 IST" duration-ms="151" status="PASS">
          <reporter-output>
          </reporter-output>
        </test-method> <!-- closeBr -->
        <test-method is-config="true" signature="launchApp()[pri:0, instance:MavenPracticeProject.UserSubmitOrder@6af9fcb2]" started-at="2024-02-29T10:59:01 IST" name="launchApp" finished-at="2024-02-29T10:59:03 IST" duration-ms="2146" status="PASS">
          <reporter-output>
          </reporter-output>
        </test-method> <!-- launchApp -->
        <test-method signature="submitOrder(java.util.HashMap)[pri:0, instance:MavenPracticeProject.UserSubmitOrder@6af9fcb2]" started-at="2024-02-29T10:59:03 IST" name="submitOrder" data-provider="getData" finished-at="2024-02-29T10:59:18 IST" duration-ms="14616" status="PASS">
          <params>
            <param index="0">
              <value>
                <![CDATA[{password=Qwerty@123, product=ZARA, email=PKT@gmail.com}]]>
              </value>
            </param>
          </params>
          <reporter-output>
          </reporter-output>
        </test-method> <!-- submitOrder -->
        <test-method is-config="true" signature="closeBr()[pri:0, instance:MavenPracticeProject.UserSubmitOrder@6af9fcb2]" started-at="2024-02-29T10:59:18 IST" name="closeBr" finished-at="2024-02-29T10:59:18 IST" duration-ms="147" status="PASS">
          <reporter-output>
          </reporter-output>
        </test-method> <!-- closeBr -->
        <test-method is-config="true" signature="launchApp()[pri:0, instance:MavenPracticeProject.UserSubmitOrder@6af9fcb2]" started-at="2024-02-29T10:59:18 IST" name="launchApp" finished-at="2024-02-29T10:59:20 IST" duration-ms="2026" status="PASS">
          <reporter-output>
          </reporter-output>
        </test-method> <!-- launchApp -->
        <test-method signature="VerifyOrder(java.util.HashMap)[pri:0, instance:MavenPracticeProject.UserSubmitOrder@6af9fcb2]" started-at="2024-02-29T10:59:20 IST" name="VerifyOrder" data-provider="getData" finished-at="2024-02-29T10:59:21 IST" depends-on-methods="MavenPracticeProject.UserSubmitOrder.submitOrder" duration-ms="815" status="PASS">
          <params>
            <param index="0">
              <value>
                <![CDATA[{password=Qwerty@123, product=ADIDAS, email=Pankajkumartiwari8308@gmail.com}]]>
              </value>
            </param>
          </params>
          <reporter-output>
          </reporter-output>
        </test-method> <!-- VerifyOrder -->
        <test-method is-config="true" signature="closeBr()[pri:0, instance:MavenPracticeProject.UserSubmitOrder@6af9fcb2]" started-at="2024-02-29T10:59:21 IST" name="closeBr" finished-at="2024-02-29T10:59:21 IST" duration-ms="118" status="PASS">
          <reporter-output>
          </reporter-output>
        </test-method> <!-- closeBr -->
        <test-method is-config="true" signature="launchApp()[pri:0, instance:MavenPracticeProject.UserSubmitOrder@6af9fcb2]" started-at="2024-02-29T10:59:21 IST" name="launchApp" finished-at="2024-02-29T10:59:23 IST" duration-ms="1951" status="PASS">
          <reporter-output>
          </reporter-output>
        </test-method> <!-- launchApp -->
        <test-method signature="VerifyOrder(java.util.HashMap)[pri:0, instance:MavenPracticeProject.UserSubmitOrder@6af9fcb2]" started-at="2024-02-29T10:59:23 IST" name="VerifyOrder" data-provider="getData" finished-at="2024-02-29T10:59:24 IST" depends-on-methods="MavenPracticeProject.UserSubmitOrder.submitOrder" duration-ms="828" status="PASS">
          <params>
            <param index="0">
              <value>
                <![CDATA[{password=Qwerty@123, product=ZARA, email=PKT@gmail.com}]]>
              </value>
            </param>
          </params>
          <reporter-output>
          </reporter-output>
        </test-method> <!-- VerifyOrder -->
        <test-method is-config="true" signature="closeBr()[pri:0, instance:MavenPracticeProject.UserSubmitOrder@6af9fcb2]" started-at="2024-02-29T10:59:24 IST" name="closeBr" finished-at="2024-02-29T10:59:24 IST" duration-ms="75" status="PASS">
          <reporter-output>
          </reporter-output>
        </test-method> <!-- closeBr -->
      </class> <!-- MavenPracticeProject.UserSubmitOrder -->
    </test> <!-- Login and Submit -->
  </suite> <!-- Suite -->
</testng-results>
