<?xml version="1.0" encoding="UTF-8"?>
<!-- Generated by org.testng.reporters.JUnitXMLReporter -->
<testsuite ignored="0" hostname="JaiBajrangbali" failures="0" tests="4" name="Login and Submit" time="39.464" errors="0" timestamp="2024-02-22T11:22:08 IST">
  <testcase classname="MavenPracticeProject.UserSubmitOrder" name="submitOrder" time="14.241"/>
  <testcase classname="MavenPracticeProject.UserSubmitOrder" name="submitOrder" time="14.244"/>
  <testcase classname="MavenPracticeProject.UserSubmitOrder" name="VerifyOrder" time="0.84"/>
  <testcase classname="MavenPracticeProject.UserSubmitOrder" name="VerifyOrder" time="0.63"/>
</testsuite> <!-- Login and Submit -->
