<?xml version="1.0" encoding="UTF-8"?>
<!-- Generated by org.testng.reporters.JUnitXMLReporter -->
<testsuite ignored="0" hostname="JaiBajrangbali" failures="0" tests="4" name="Login and Submit" time="41.546" errors="0" timestamp="2024-02-29T10:59:24 IST">
  <testcase classname="MavenPracticeProject.UserSubmitOrder" name="submitOrder" time="14.842"/>
  <testcase classname="MavenPracticeProject.UserSubmitOrder" name="submitOrder" time="14.616"/>
  <testcase classname="MavenPracticeProject.UserSubmitOrder" name="VerifyOrder" time="0.815"/>
  <testcase classname="MavenPracticeProject.UserSubmitOrder" name="VerifyOrder" time="0.828"/>
</testsuite> <!-- Login and Submit -->
