<?xml version="1.0" encoding="UTF-8"?>
<!-- Generated by org.testng.reporters.JUnitXMLReporter -->
<testsuite ignored="0" hostname="JaiBajrangbali" failures="0" tests="5" name="Login and Submit" time="36.58" errors="0" timestamp="2024-02-22T12:35:21 IST">
  <testcase classname="MavenPracticeProject.UserSubmitOrder" name="submitOrder" time="3.599"/>
  <testcase classname="MavenPracticeProject.UserSubmitOrder" name="submitOrder" time="1.968">
    <skipped/>
  </testcase> <!-- submitOrder -->
  <testcase classname="MavenPracticeProject.UserSubmitOrder" name="submitOrder" time="14.582"/>
  <testcase classname="MavenPracticeProject.UserSubmitOrder" name="VerifyOrder" time="0.894"/>
  <testcase classname="MavenPracticeProject.UserSubmitOrder" name="VerifyOrder" time="0.903"/>
</testsuite> <!-- Login and Submit -->
