<?xml version="1.0" encoding="UTF-8"?>
<!-- Generated by org.testng.reporters.JUnitXMLReporter -->
<testsuite ignored="3" hostname="JaiBajrangbali" failures="0" tests="1" name="CorporateBank" time="0.075" errors="0" timestamp="2024-02-02T14:31:42 IST">
  <testcase classname="NG.Basic" name="mWebLogin" time="0.012"/>
  <testcase classname="NG.Basic" name="RDLogin" time="0.0">
    <ignored/>
  </testcase> <!-- RDLogin -->
  <testcase classname="NG.Basic" name="FDLogin" time="0.0">
    <ignored/>
  </testcase> <!-- FDLogin -->
  <testcase classname="NG.Basic" name="CASALogin" time="0.0">
    <ignored/>
  </testcase> <!-- CASALogin -->
</testsuite> <!-- CorporateBank -->
