<?xml version="1.0" encoding="UTF-8"?>
<!-- Generated by org.testng.reporters.JUnitXMLReporter -->
<testsuite ignored="1" hostname="JaiBajrangbali" failures="0" tests="2" name="RetailBank" time="0.01" errors="0" timestamp="2024-02-02T14:31:43 IST">
  <testcase classname="NG.Basic2" name="OD" time="0.002"/>
  <testcase classname="NG.Basic2" name="WM" time="0.002"/>
  <testcase classname="NG.Basic2" name="Loan" time="0.0">
    <ignored/>
  </testcase> <!-- Loan -->
</testsuite> <!-- RetailBank -->
