<?xml version="1.0" encoding="UTF-8"?>
<!-- Generated by org.testng.reporters.JUnitXMLReporter -->
<testsuite ignored="0" hostname="JaiBajrangbali" failures="0" tests="4" name="CorporateBank" time="0.092" errors="0" timestamp="2024-02-02T14:10:03 IST">
  <testcase classname="NG.Basic" name="CASALogin" time="0.014"/>
  <testcase classname="NG.Basic" name="FDLogin" time="0.002"/>
  <testcase classname="NG.Basic" name="RDLogin" time="0.005"/>
  <testcase classname="NG.Basic" name="mWebLogin" time="0.003"/>
</testsuite> <!-- CorporateBank -->
