<?xml version="1.0" encoding="UTF-8"?>
<!-- Generated by org.testng.reporters.JUnitXMLReporter -->
<testsuite ignored="4" hostname="JaiBajrangbali" failures="0" tests="5" name="Test" time="0.077" errors="0" timestamp="2024-02-06T18:24:36 IST">
  <testcase classname="NG.Basic" name="CASALogin" time="0.007"/>
  <testcase classname="NG.Basic" name="CASALogin" time="0.001"/>
  <testcase classname="NG.Basic" name="CASALogin" time="0.002"/>
  <testcase classname="NG.Basic2" name="OD" time="0.001"/>
  <testcase classname="NG.Basic2" name="WM" time="0.002"/>
  <testcase classname="NG.Basic" name="APILogin" time="0.0">
    <ignored/>
  </testcase> <!-- APILogin -->
  <testcase classname="NG.Basic" name="mWebLogin" time="0.0">
    <ignored/>
  </testcase> <!-- mWebLogin -->
  <testcase classname="NG.Basic2" name="Loan" time="0.0">
    <ignored/>
  </testcase> <!-- Loan -->
  <testcase classname="NG.Basic" name="FDLogin" time="0.0">
    <ignored/>
  </testcase> <!-- FDLogin -->
</testsuite> <!-- Test -->
